[inmc.info/index.html]
[backblue.gif]
[fade.gif]
[index.html]
[inmc.info/css/style.css]
[inmc.info/css/animate.css]
[ajax.cloudflare.com/cdn-cgi/nexp/dok3v=e9627cd26a/cloudflare.min.js]
[inmc.info/rules/index.html]
[inmc.info/staff/index.html]
[inmc.info/contribute/index.html]
[inmc.info/screenshots/index.html]
[ajax.googleapis.com/ajax/libs/jquery/1.2.6/jquery.js]
[inmc.info/affiliates/index.html]
[inmc.info/js/jquery.sticky.js]
[inmc.info/js/jquery.quovolver.js]
[inmc.info/index.html]
[inmc.info/css/style.css]
[inmc.info/css/animate.css]
[inmc.info/cdn-cgi/cl/index.html]
[inmc.info/status/test2/players.html]
[inmc.info/rules/index.html]
[inmc.info/rules/changelog.txt]
[inmc.info/staff/index.html]
[inmc.info/contribute/index.html]
[i.imgur.com/gf2XU6h.jpg]
[i.imgur.com/EI8MWe5.jpg]
[inmc.info/screenshots/index.html]
[inmc.info/affiliates/index.html]
[inmc.info/status/test2/players.html]
